E:\NoahGameFrame\Theron-6.00.02\\Bin\Theron.lib
E:\NOAHGAMEFRAME\THERON-6.00.02\BIN\THERON.LIB
E:\NOAHGAMEFRAME\THERON-6.00.02\THERON\X64\DEBUG\ACTOR.OBJ
E:\NOAHGAMEFRAME\THERON-6.00.02\THERON\X64\DEBUG\ADDRESS.OBJ
E:\NOAHGAMEFRAME\THERON-6.00.02\THERON\X64\DEBUG\ALLOCATORMANAGER.OBJ
E:\NOAHGAMEFRAME\THERON-6.00.02\THERON\X64\DEBUG\BUILDDESCRIPTOR.OBJ
E:\NoahGameFrame\Theron-6.00.02\Theron\x64\Debug\cl.command.1.tlog
E:\NoahGameFrame\Theron-6.00.02\Theron\x64\Debug\CL.read.1.tlog
E:\NoahGameFrame\Theron-6.00.02\Theron\x64\Debug\CL.write.1.tlog
E:\NOAHGAMEFRAME\THERON-6.00.02\THERON\X64\DEBUG\CLOCK.OBJ
E:\NOAHGAMEFRAME\THERON-6.00.02\THERON\X64\DEBUG\DEFAULTHANDLERCOLLECTION.OBJ
E:\NOAHGAMEFRAME\THERON-6.00.02\THERON\X64\DEBUG\ENDPOINT.OBJ
E:\NOAHGAMEFRAME\THERON-6.00.02\THERON\X64\DEBUG\FALLBACKHANDLERCOLLECTION.OBJ
E:\NOAHGAMEFRAME\THERON-6.00.02\THERON\X64\DEBUG\FRAMEWORK.OBJ
E:\NOAHGAMEFRAME\THERON-6.00.02\THERON\X64\DEBUG\HANDLERCOLLECTION.OBJ
E:\NoahGameFrame\Theron-6.00.02\Theron\x64\Debug\lib.command.1.tlog
E:\NoahGameFrame\Theron-6.00.02\Theron\x64\Debug\Lib-link.read.1.tlog
E:\NoahGameFrame\Theron-6.00.02\Theron\x64\Debug\Lib-link.write.1.tlog
E:\NOAHGAMEFRAME\THERON-6.00.02\THERON\X64\DEBUG\RECEIVER.OBJ
E:\NOAHGAMEFRAME\THERON-6.00.02\THERON\X64\DEBUG\STRINGPOOL.OBJ
E:\NoahGameFrame\Theron-6.00.02\Theron\x64\Debug\vc100.idb
E:\NOAHGAMEFRAME\THERON-6.00.02\THERON\X64\DEBUG\VC100.PDB
E:\NOAHGAMEFRAME\THERON-6.00.02\THERON\X64\DEBUG\YIELDPOLICY.OBJ
