E:\NoahGameFrame\Theron-6.00.02\\Bin\Theron.lib
E:\NOAHGAMEFRAME\THERON-6.00.02\BIN\THERON.LIB
E:\NOAHGAMEFRAME\THERON-6.00.02\THERON\DEBUG\ACTOR.OBJ
E:\NOAHGAMEFRAME\THERON-6.00.02\THERON\DEBUG\ADDRESS.OBJ
E:\NOAHGAMEFRAME\THERON-6.00.02\THERON\DEBUG\ALLOCATORMANAGER.OBJ
E:\NOAHGAMEFRAME\THERON-6.00.02\THERON\DEBUG\BUILDDESCRIPTOR.OBJ
E:\NoahGameFrame\Theron-6.00.02\Theron\Debug\cl.command.1.tlog
E:\NoahGameFrame\Theron-6.00.02\Theron\Debug\CL.read.1.tlog
E:\NoahGameFrame\Theron-6.00.02\Theron\Debug\CL.write.1.tlog
E:\NOAHGAMEFRAME\THERON-6.00.02\THERON\DEBUG\CLOCK.OBJ
E:\NOAHGAMEFRAME\THERON-6.00.02\THERON\DEBUG\DEFAULTHANDLERCOLLECTION.OBJ
E:\NOAHGAMEFRAME\THERON-6.00.02\THERON\DEBUG\ENDPOINT.OBJ
E:\NOAHGAMEFRAME\THERON-6.00.02\THERON\DEBUG\FALLBACKHANDLERCOLLECTION.OBJ
E:\NOAHGAMEFRAME\THERON-6.00.02\THERON\DEBUG\FRAMEWORK.OBJ
E:\NOAHGAMEFRAME\THERON-6.00.02\THERON\DEBUG\HANDLERCOLLECTION.OBJ
E:\NoahGameFrame\Theron-6.00.02\Theron\Debug\lib.command.1.tlog
E:\NoahGameFrame\Theron-6.00.02\Theron\Debug\Lib-link.read.1.tlog
E:\NoahGameFrame\Theron-6.00.02\Theron\Debug\Lib-link.write.1.tlog
E:\NOAHGAMEFRAME\THERON-6.00.02\THERON\DEBUG\RECEIVER.OBJ
E:\NOAHGAMEFRAME\THERON-6.00.02\THERON\DEBUG\STRINGPOOL.OBJ
E:\NoahGameFrame\Theron-6.00.02\Theron\Debug\vc100.idb
E:\NOAHGAMEFRAME\THERON-6.00.02\THERON\DEBUG\VC100.PDB
E:\NOAHGAMEFRAME\THERON-6.00.02\THERON\DEBUG\YIELDPOLICY.OBJ
